JvmtiExport can_access_local_variables 0
JvmtiExport can_hotswap_or_post_breakpoint 0
JvmtiExport can_post_on_exceptions 0
# 325 ciObject found
ciMethod java/lang/Object <init> ()V 4097 1 5617503 0 0
ciMethod java/lang/String <init> ([CII)V 2121 1 5409 0 576
ciMethod java/lang/String charAt (I)C 4097 1 5698922 0 128
ciMethod java/lang/String equals (Ljava/lang/Object;)Z 1929 9249 3172 0 -1
ciMethod java/lang/String substring (II)Ljava/lang/String; 3025 1 5550 0 832
ciMethod java/lang/String toCharArray ()[C 3089 1 59233 0 -1
ciMethod java/lang/System arraycopy (Ljava/lang/Object;ILjava/lang/Object;II)V 7169 1 896 0 -1
ciMethod java/lang/Number <init> ()V 3649 1 42520 0 32
ciMethod java/lang/Double <init> (D)V 17 1 107 0 0
ciMethod java/lang/Double longBitsToDouble (J)D 2737 1 342 0 -1
ciMethod java/lang/Integer <init> (I)V 2465 1 25810 0 32
ciMethod java/lang/Long <init> (J)V 2177 1 4275 0 0
ciMethod java/util/List add (Ljava/lang/Object;)Z 0 0 1 0 -1
ciMethod java/util/List addAll (Ljava/util/Collection;)Z 0 0 1 0 -1
ciMethod java/lang/Math min (II)I 3081 1 294534 0 -1
ciMethod java/util/ArrayList <init> (I)V 889 1 15651 0 -1
ciMethod java/util/ArrayList <init> ()V 1025 1 234101 0 -1
ciMethod java/util/Arrays copyOfRange ([CII)[C 2193 1 5442 0 512
ciMethod java/util/Arrays asList ([Ljava/lang/Object;)Ljava/util/List; 3137 1 66100 0 -1
ciMethodData java/lang/String charAt (I)C 2 5747117 orig 264 184 158 195 109 0 0 0 0 56 61 250 19 0 0 0 0 120 1 0 0 32 0 0 0 0 0 0 0 0 0 0 0 0 0 0 0 0 0 0 0 0 0 0 0 0 0 0 0 0 0 0 0 0 0 0 0 0 0 0 0 0 0 0 0 0 0 0 0 0 0 0 0 0 0 0 0 0 0 0 0 77 68 79 32 101 120 116 114 97 32 100 97 116 97 32 108 111 99 107 0 0 0 0 0 0 0 0 0 0 0 0 0 0 0 0 0 0 0 0 0 0 0 0 0 0 0 0 0 0 0 0 0 0 0 0 0 0 0 0 0 0 0 0 0 0 0 0 0 0 0 0 0 0 0 0 0 0 0 0 0 0 0 0 1 0 0 0 0 0 0 0 0 0 0 0 0 0 0 0 0 0 0 0 0 25 0 0 0 0 0 0 0 0 0 0 0 0 0 0 0 1 0 0 0 0 0 0 0 0 0 0 0 0 0 0 0 0 2 0 0 121 121 189 2 1 0 0 0 0 0 0 0 0 0 0 0 2 0 0 0 0 0 0 0 4 0 1 0 80 0 0 0 255 255 255 255 7 0 1 0 0 0 0 0 data 10 0x10007 0x0 0x40 0x57af4f 0xa0007 0x57af4e 0x30 0x0 0x120002 0x0 oops 0
ciMethodData java/lang/Object <init> ()V 2 5617503 orig 264 184 158 195 109 0 0 0 0 136 4 250 19 0 0 0 0 32 1 0 0 0 0 0 0 0 0 0 0 0 0 0 0 0 0 0 0 0 0 0 0 0 0 0 0 0 0 0 0 0 0 0 0 0 0 0 0 0 0 0 0 0 0 0 0 0 0 0 0 0 0 0 0 0 0 0 0 0 0 0 0 77 68 79 32 101 120 116 114 97 32 100 97 116 97 32 108 111 99 107 0 0 0 0 0 0 0 0 0 0 0 0 0 0 0 0 0 0 0 0 0 0 0 0 0 0 0 0 0 0 0 0 0 0 0 0 0 0 0 0 0 0 0 0 0 0 0 0 0 0 0 0 0 0 0 0 0 0 0 0 0 0 0 0 0 0 0 0 0 0 0 0 0 0 0 0 0 0 0 0 0 0 0 0 0 1 0 0 0 0 0 0 0 1 0 0 0 0 0 0 0 1 0 0 0 0 0 0 0 0 0 0 0 0 0 0 0 0 2 0 0 249 170 173 2 1 0 0 0 0 0 0 0 0 0 0 0 2 0 0 0 0 0 3 0 3 0 0 0 0 0 0 0 255 255 255 255 0 0 0 0 0 0 0 0 data 0 oops 0
ciMethodData java/util/Arrays copyOfRange ([CII)[C 2 5442 orig 264 184 158 195 109 0 0 0 0 80 247 9 20 0 0 0 0 120 2 0 0 240 0 0 0 0 0 0 0 0 0 0 0 0 0 0 0 0 0 0 0 0 0 0 0 0 0 0 0 0 0 0 0 0 0 0 0 0 0 0 0 0 0 0 0 0 0 0 0 0 0 0 0 0 0 0 0 0 0 0 0 77 68 79 32 101 120 116 114 97 32 100 97 116 97 32 108 111 99 107 0 0 0 0 0 0 0 0 0 0 0 0 0 0 0 0 0 0 0 0 0 0 0 0 0 0 0 0 0 0 0 0 0 0 0 0 0 0 0 0 0 0 0 0 0 0 0 0 0 0 0 0 0 0 0 0 0 0 0 0 0 0 0 0 0 0 0 0 0 0 0 0 0 0 0 0 0 0 0 0 0 0 0 0 0 29 0 0 0 0 0 0 0 0 0 0 0 0 0 0 0 0 0 0 0 0 0 0 0 0 0 0 0 0 0 0 0 17 1 0 0 129 161 0 0 1 0 0 0 0 0 0 0 0 0 0 0 2 0 0 0 0 0 9 0 4 0 1 0 32 1 0 0 255 255 255 255 7 0 5 0 0 0 0 0 data 36 0x50007 0x1430 0x100 0x0 0x100002 0x0 0x140005 0x0 0x0 0x0 0x0 0x0 0x190005 0x0 0x0 0x0 0x0 0x0 0x1d0005 0x0 0x0 0x0 0x0 0x0 0x200005 0x0 0x0 0x0 0x0 0x0 0x230002 0x0 0x360002 0x1430 0x390002 0x1430 oops 0
ciMethodData java/lang/String <init> ([CII)V 2 5409 orig 264 184 158 195 109 0 0 0 0 64 49 250 19 0 0 0 0 16 2 0 0 144 0 0 0 0 0 0 0 0 0 0 0 0 0 0 0 0 0 0 0 0 0 0 0 0 0 0 0 0 0 0 0 0 0 0 0 0 0 0 0 0 0 0 0 0 0 0 0 0 0 0 0 0 0 0 0 0 0 0 0 77 68 79 32 101 120 116 114 97 32 100 97 116 97 32 108 111 99 107 0 0 0 0 0 0 0 0 0 0 0 0 0 0 0 0 0 0 0 0 0 0 0 0 0 0 0 0 0 0 0 0 0 0 0 0 0 0 0 0 0 0 0 0 0 0 0 0 0 0 0 0 0 0 0 0 0 0 0 0 0 0 0 0 0 0 0 0 0 0 0 0 0 0 0 0 0 0 0 0 0 0 0 0 0 25 0 0 0 0 0 0 0 0 0 0 0 0 0 0 0 1 0 0 0 0 0 0 0 0 0 0 0 0 0 0 0 9 1 0 0 193 160 0 0 1 0 0 0 0 0 0 0 0 0 0 0 2 0 0 0 0 0 9 0 4 0 1 0 176 0 0 0 255 255 255 255 2 0 1 0 0 0 0 0 data 22 0x10002 0x1418 0x50007 0x1418 0x30 0x0 0xd0002 0x0 0x120007 0x1418 0x30 0x0 0x1a0002 0x0 0x230007 0x1418 0x30 0x0 0x2d0002 0x0 0x370002 0x1418 oops 0
ciMethodData java/lang/String toCharArray ()[C 2 59233 orig 264 184 158 195 109 0 0 0 0 104 110 250 19 0 0 0 0 88 1 0 0 0 0 0 0 0 0 0 0 0 0 0 0 0 0 0 0 0 0 0 0 0 0 0 0 0 0 0 0 0 0 0 0 0 0 0 0 0 0 0 0 0 0 0 0 0 0 0 0 0 0 0 0 0 0 0 0 0 0 0 0 77 68 79 32 101 120 116 114 97 32 100 97 116 97 32 108 111 99 107 0 0 0 0 0 0 0 0 0 0 0 0 0 0 0 0 0 0 0 0 0 0 0 0 0 0 0 0 0 0 0 0 0 0 0 0 0 0 0 0 0 0 0 0 0 0 0 0 0 0 0 0 0 0 0 0 0 0 0 0 0 0 0 0 0 0 0 0 0 0 0 0 0 0 0 0 0 0 0 0 0 0 0 0 0 29 0 0 0 0 0 0 0 0 0 0 0 0 0 0 0 1 0 0 0 0 0 0 0 0 0 0 0 0 0 0 0 130 1 0 0 249 46 7 0 1 0 0 0 0 0 0 0 0 0 0 0 2 0 0 0 0 0 3 0 4 0 1 0 16 0 0 0 255 255 255 255 2 0 20 0 0 0 0 0 data 2 0x140002 0xe5df oops 0
ciMethodData java/lang/String substring (II)Ljava/lang/String; 2 5550 orig 264 184 158 195 109 0 0 0 0 56 92 250 19 0 0 0 0 40 2 0 0 208 0 0 0 0 0 0 0 0 0 0 0 0 0 0 0 0 0 0 0 0 0 0 0 0 0 0 0 0 0 0 0 0 0 0 0 0 0 0 0 0 0 0 0 0 0 0 0 0 0 0 0 0 0 0 0 0 0 0 0 77 68 79 32 101 120 116 114 97 32 100 97 116 97 32 108 111 99 107 0 0 0 0 0 0 0 0 0 0 0 0 0 0 0 0 0 0 0 0 0 0 0 0 0 0 0 0 0 0 0 0 0 0 0 0 0 0 0 0 0 0 0 0 0 0 0 0 0 0 0 0 0 0 0 0 0 0 0 0 0 0 0 0 0 0 0 0 0 0 0 0 0 0 0 0 0 0 0 0 0 0 0 0 0 25 0 0 0 0 0 0 0 0 0 0 0 0 0 0 0 0 0 0 0 0 0 0 0 0 0 0 0 0 0 0 0 122 1 0 0 161 161 0 0 1 0 0 0 0 0 0 0 0 0 0 0 2 0 0 0 0 0 15 0 4 0 1 0 248 0 0 0 255 255 255 255 7 0 1 0 0 0 0 0 data 31 0x10007 0x1434 0x30 0x0 0x90002 0x0 0x130007 0x1434 0x30 0x0 0x1b0002 0x0 0x240007 0x1434 0x30 0x0 0x2c0002 0x0 0x310007 0x52c 0x58 0xf08 0x3a0007 0xccf 0x38 0x239 0x3e0003 0x239 0x28 0x4b0002 0x11fb oops 0
ciMethodData java/lang/Number <init> ()V 2 42520 orig 264 184 158 195 109 0 0 0 0 40 126 2 20 0 0 0 0 48 1 0 0 0 0 0 0 0 0 0 0 0 0 0 0 0 0 0 0 0 0 0 0 0 0 0 0 0 0 0 0 0 0 0 0 0 0 0 0 0 0 0 0 0 0 0 0 0 0 0 0 0 0 0 0 0 0 0 0 0 0 0 0 77 68 79 32 101 120 116 114 97 32 100 97 116 97 32 108 111 99 107 0 0 0 0 0 0 0 0 0 0 0 0 0 0 0 0 0 0 0 0 0 0 0 0 0 0 0 0 0 0 0 0 0 0 0 0 0 0 0 0 0 0 0 0 0 0 0 0 0 0 0 0 0 0 0 0 0 0 0 0 0 0 0 0 0 0 0 0 0 0 0 0 0 0 0 0 0 0 0 0 0 0 0 0 0 0 0 0 0 0 0 0 0 0 0 0 0 0 0 0 0 0 0 0 0 0 0 0 0 0 0 0 0 0 0 0 0 200 1 0 0 129 34 5 0 1 0 0 0 0 0 0 0 0 0 0 0 2 0 0 0 0 0 3 0 4 0 1 0 16 0 0 0 255 255 255 255 2 0 1 0 0 0 0 0 data 2 0x10002 0xa450 oops 0
ciMethodData java/util/ArrayList <init> (I)V 2 15651 orig 264 184 158 195 109 0 0 0 0 16 52 7 20 0 0 0 0 128 2 0 0 104 0 0 0 0 0 0 0 0 0 0 0 0 0 0 0 0 0 0 0 0 0 0 0 0 0 0 0 0 0 0 0 0 0 0 0 0 0 0 0 0 0 0 0 0 0 0 0 0 0 0 0 0 0 0 0 0 0 0 0 77 68 79 32 101 120 116 114 97 32 100 97 116 97 32 108 111 99 107 0 0 0 0 0 0 0 0 0 0 0 0 0 0 0 0 0 0 0 0 0 0 0 0 0 0 0 0 0 0 0 0 0 0 0 0 0 0 0 0 0 0 0 0 0 0 0 0 0 0 0 0 0 0 0 0 0 0 0 0 0 0 0 0 0 0 0 0 0 0 0 0 0 0 0 0 0 0 0 0 0 0 0 0 0 25 0 0 0 0 0 0 0 0 0 0 0 0 0 0 0 1 0 0 0 0 0 0 0 0 0 0 0 0 0 0 0 111 0 0 0 161 229 1 0 1 0 0 0 0 0 0 0 0 0 0 0 2 0 0 0 0 0 8 0 4 0 1 0 48 1 0 0 255 255 255 255 2 0 1 0 0 0 0 0 data 38 0x10002 0x3cb4 0x50007 0x938 0x38 0x337c 0x100003 0x337c 0x100 0x140007 0x0 0x38 0x938 0x1e0003 0x938 0xc8 0x290002 0x0 0x2e0005 0x0 0x0 0x0 0x0 0x0 0x320005 0x0 0x0 0x0 0x0 0x0 0x350005 0x0 0x0 0x0 0x0 0x0 0x380002 0x0 oops 0
ciMethodData java/lang/Long <init> (J)V 2 4275 orig 264 184 158 195 109 0 0 0 0 48 43 3 20 0 0 0 0 64 1 0 0 0 0 0 0 0 0 0 0 0 0 0 0 0 0 0 0 0 0 0 0 0 0 0 0 0 0 0 0 0 0 0 0 0 0 0 0 0 0 0 0 0 0 0 0 0 0 0 0 0 0 0 0 0 0 0 0 0 0 0 0 77 68 79 32 101 120 116 114 97 32 100 97 116 97 32 108 111 99 107 0 0 0 0 0 0 0 0 0 0 0 0 0 0 0 0 0 0 0 0 0 0 0 0 0 0 0 0 0 0 0 0 0 0 0 0 0 0 0 0 0 0 0 0 0 0 0 0 0 0 0 0 0 0 0 0 0 0 0 0 0 0 0 0 0 0 0 0 0 0 0 0 0 0 0 0 0 0 0 0 0 0 0 0 0 0 0 0 0 0 0 0 0 0 0 0 0 0 0 0 0 0 0 0 0 0 0 0 0 0 0 0 0 0 0 0 0 16 1 0 0 25 125 0 0 1 0 0 0 0 0 0 0 0 0 0 0 2 0 0 0 0 0 3 0 3 0 1 0 16 0 0 0 255 255 255 255 2 0 1 0 0 0 0 0 data 2 0x10002 0xfa3 oops 0
ciMethodData java/lang/Integer <init> (I)V 2 25810 orig 264 184 158 195 109 0 0 0 0 16 235 2 20 0 0 0 0 56 1 0 0 0 0 0 0 0 0 0 0 0 0 0 0 0 0 0 0 0 0 0 0 0 0 0 0 0 0 0 0 0 0 0 0 0 0 0 0 0 0 0 0 0 0 0 0 0 0 0 0 0 0 0 0 0 0 0 0 0 0 0 0 77 68 79 32 101 120 116 114 97 32 100 97 116 97 32 108 111 99 107 0 0 0 0 0 0 0 0 0 0 0 0 0 0 0 0 0 0 0 0 0 0 0 0 0 0 0 0 0 0 0 0 0 0 0 0 0 0 0 0 0 0 0 0 0 0 0 0 0 0 0 0 0 0 0 0 0 0 0 0 0 0 0 0 0 0 0 0 0 0 0 0 0 0 0 0 0 0 0 0 0 0 0 0 0 0 0 0 0 0 0 0 0 0 0 0 0 0 0 0 0 0 0 0 0 0 0 0 0 0 0 0 0 0 0 0 0 52 1 0 0 241 28 3 0 1 0 0 0 0 0 0 0 0 0 0 0 2 0 0 0 0 0 3 0 4 0 1 0 16 0 0 0 255 255 255 255 2 0 1 0 0 0 0 0 data 2 0x10002 0x639e oops 0
ciMethodData java/util/Arrays asList ([Ljava/lang/Object;)Ljava/util/List; 2 66100 orig 264 184 158 195 109 0 0 0 0 120 250 9 20 0 0 0 0 48 1 0 0 0 0 0 0 0 0 0 0 0 0 0 0 0 0 0 0 0 0 0 0 0 0 0 0 0 0 0 0 0 0 0 0 0 0 0 0 0 0 0 0 0 0 0 0 0 0 0 0 0 0 0 0 0 0 0 0 0 0 0 0 77 68 79 32 101 120 116 114 97 32 100 97 116 97 32 108 111 99 107 0 0 0 0 0 0 0 0 0 0 0 0 0 0 0 0 0 0 0 0 0 0 0 0 0 0 0 0 0 0 0 0 0 0 0 0 0 0 0 0 0 0 0 0 0 0 0 0 0 0 0 0 0 0 0 0 0 0 0 0 0 0 0 0 0 0 0 0 0 0 0 0 0 0 0 0 0 0 0 0 0 0 0 0 0 21 0 0 0 0 0 0 0 0 0 0 0 0 0 0 0 0 0 0 0 0 0 0 0 0 0 0 0 0 0 0 0 136 1 0 0 97 5 8 0 1 0 0 0 0 0 0 0 0 0 0 0 2 0 0 0 0 0 7 0 4 0 1 0 16 0 0 0 255 255 255 255 2 0 5 0 0 0 0 0 data 2 0x50002 0x100ac oops 0
ciMethodData java/lang/Double <init> (D)V 1 107 orig 264 184 158 195 109 0 0 0 0 216 145 2 20 0 0 0 0 64 1 0 0 0 0 0 0 0 0 0 0 0 0 0 0 0 0 0 0 0 0 0 0 0 0 0 0 0 0 0 0 0 0 0 0 0 0 0 0 0 0 0 0 0 0 0 0 0 0 0 0 0 0 0 0 0 0 0 0 0 0 0 0 77 68 79 32 101 120 116 114 97 32 100 97 116 97 32 108 111 99 107 0 0 0 0 0 0 0 0 0 0 0 0 0 0 0 0 0 0 0 0 0 0 0 0 0 0 0 0 0 0 0 0 0 0 0 0 0 0 0 0 0 0 0 0 0 0 0 0 0 0 0 0 0 0 0 0 0 0 0 0 0 0 0 0 0 0 0 0 0 0 0 0 0 0 0 0 0 0 0 0 0 0 0 0 0 0 0 0 0 0 0 0 0 0 0 0 0 0 0 0 0 0 0 0 0 0 0 0 0 0 0 0 0 0 0 0 0 2 0 0 0 73 3 0 0 1 0 0 0 0 0 0 0 0 0 0 0 2 0 0 0 0 0 0 0 0 0 1 0 16 0 0 0 255 255 255 255 2 0 1 0 0 0 0 0 data 2 0x10002 0x69 oops 0
ciMethodData org/objectweb/asm/ClassReader a (I[CZLorg/objectweb/asm/AnnotationVisitor;)I 1 242 orig 264 184 158 195 109 0 0 0 0 40 223 140 39 0 0 0 0 200 2 0 0 176 0 0 0 0 0 0 0 0 0 0 0 0 0 0 0 0 0 0 0 0 0 0 0 0 0 0 0 0 0 0 0 0 0 0 0 0 0 0 0 0 0 0 0 0 0 0 0 0 0 0 0 0 0 0 0 0 0 0 0 77 68 79 32 101 120 116 114 97 32 100 97 116 97 32 108 111 99 107 0 0 0 0 0 0 0 0 0 0 0 0 0 0 0 0 0 0 0 0 0 0 0 0 0 0 0 0 0 0 0 0 0 0 0 0 0 0 0 0 0 0 0 0 0 0 0 0 0 0 0 0 0 0 0 0 0 0 0 0 0 0 0 0 0 0 0 0 0 0 0 0 0 0 0 0 0 0 0 0 0 0 0 0 0 0 0 0 0 0 0 0 0 0 0 0 0 0 0 0 0 0 0 0 0 0 0 0 0 0 0 0 0 0 0 0 0 121 0 0 0 17 3 0 0 201 3 0 0 0 0 0 0 0 0 0 0 2 0 0 0 0 0 0 0 0 0 1 0 96 1 0 0 255 255 255 255 5 0 2 0 0 0 0 0 data 44 0x20005 0x0 0x1aa2b040 0x62 0x0 0x0 0xb0007 0x1b 0x98 0x47 0x100007 0x47 0xc0 0x32 0x1b0005 0x0 0x1aa2b040 0x32 0x0 0x0 0x200002 0x32 0x270003 0x32 0xffffffffffffffa0 0x2c0007 0x1b 0x48 0x47 0x350002 0x47 0x3c0003 0x47 0xffffffffffffffd0 0x410007 0x0 0x50 0x62 0x460005 0x0 0x1aa31340 0x62 0x0 0x0 oops 3 2 org/objectweb/asm/ClassReader 16 org/objectweb/asm/ClassReader 40 org/objectweb/asm/tree/AnnotationNode
ciMethodData org/objectweb/asm/ClassReader readConst (I[C)Ljava/lang/Object; 2 5423 orig 264 184 158 195 109 0 0 0 0 72 240 140 39 0 0 0 0 88 5 0 0 192 2 0 0 0 0 0 0 0 0 0 0 0 0 0 0 0 0 0 0 0 0 0 0 0 0 0 0 0 0 0 0 0 0 0 0 0 0 0 0 0 0 0 0 0 0 0 0 0 0 0 0 0 0 0 0 0 0 0 0 77 68 79 32 101 120 116 114 97 32 100 97 116 97 32 108 111 99 107 0 0 0 0 0 0 0 0 0 0 0 0 0 0 0 0 0 0 0 0 0 0 0 0 0 0 0 0 0 0 0 0 0 0 0 0 0 0 0 0 0 0 0 0 0 0 0 0 0 0 0 0 0 0 0 0 0 0 0 0 0 0 0 0 0 0 0 0 0 0 0 0 0 0 0 0 0 0 0 0 0 0 0 0 0 0 0 0 0 0 0 0 0 0 0 0 0 0 0 0 0 0 0 0 0 0 0 0 0 0 0 0 0 0 0 0 0 90 0 0 0 169 166 0 0 1 0 0 0 0 0 0 0 0 0 0 0 2 0 0 0 0 0 16 0 3 0 1 0 0 4 0 0 255 255 255 255 8 0 15 0 0 0 0 0 data 128 0xf0008 0x1e 0x0 0x2d0 0x10b0 0x100 0x0 0x140 0xe 0x190 0x2 0x1d0 0xc 0x220 0x407 0x260 0x0 0x2d0 0x0 0x2d0 0x0 0x2d0 0x0 0x2d0 0x0 0x2d0 0x0 0x2d0 0x0 0x2d0 0x0 0x290 0x5a0005 0x0 0x1aa2b040 0x10b0 0x0 0x0 0x5d0002 0x10b0 0x670005 0x0 0x0 0x0 0x0 0x0 0x6a0002 0x0 0x6d0002 0x0 0x770005 0x0 0x1aa2b040 0xe 0x0 0x0 0x7a0002 0xe 0x840005 0x0 0x1aa2b040 0x2 0x0 0x0 0x870002 0x2 0x8a0002 0x2 0x910005 0x0 0x1aa2b040 0xc 0x0 0x0 0x940002 0xc 0x9b0005 0x0 0x1aa2b040 0x409 0x0 0x0 0xa20005 0x0 0x0 0x0 0x0 0x0 0xa50002 0x0 0xab0005 0x0 0x0 0x0 0x0 0x0 0xbc0005 0x0 0x0 0x0 0x0 0x0 0xc60005 0x0 0x0 0x0 0x0 0x0 0xd20005 0x0 0x0 0x0 0x0 0x0 0xdc0005 0x0 0x0 0x0 0x0 0x0 0xe70005 0x0 0x0 0x0 0x0 0x0 0xf80002 0x0 oops 5 34 org/objectweb/asm/ClassReader 52 org/objectweb/asm/ClassReader 60 org/objectweb/asm/ClassReader 70 org/objectweb/asm/ClassReader 78 org/objectweb/asm/ClassReader
ciMethod org/objectweb/asm/tree/AbstractInsnNode <init> (I)V 22609 1 28448 0 0
ciMethod org/objectweb/asm/tree/MethodInsnNode <init> (ILjava/lang/String;Ljava/lang/String;Ljava/lang/String;)V 4097 1 5323 0 -1
ciMethod org/objectweb/asm/tree/LookupSwitchInsnNode <init> (Lorg/objectweb/asm/tree/LabelNode;[I[Lorg/objectweb/asm/tree/LabelNode;)V 353 1049 17 0 -1
ciMethod org/objectweb/asm/tree/FieldInsnNode <init> (ILjava/lang/String;Ljava/lang/String;Ljava/lang/String;)V 4097 1 1984 0 -1
ciMethod org/objectweb/asm/tree/LdcInsnNode <init> (Ljava/lang/Object;)V 4097 1 1501 0 0
ciMethod org/objectweb/asm/ClassVisitor visit (IILjava/lang/String;Ljava/lang/String;Ljava/lang/String;[Ljava/lang/String;)V 0 0 1 0 -1
ciMethod org/objectweb/asm/ClassVisitor visitSource (Ljava/lang/String;Ljava/lang/String;)V 0 0 1 0 -1
ciMethod org/objectweb/asm/ClassVisitor visitOuterClass (Ljava/lang/String;Ljava/lang/String;Ljava/lang/String;)V 545 1 6 0 -1
ciMethod org/objectweb/asm/ClassVisitor visitAnnotation (Ljava/lang/String;Z)Lorg/objectweb/asm/AnnotationVisitor; 673 1 71 0 -1
ciMethod org/objectweb/asm/ClassVisitor visitAttribute (Lorg/objectweb/asm/Attribute;)V 0 0 1 0 -1
ciMethod org/objectweb/asm/ClassVisitor visitInnerClass (Ljava/lang/String;Ljava/lang/String;Ljava/lang/String;I)V 7169 1 836 0 -1
ciMethod org/objectweb/asm/ClassVisitor visitField (ILjava/lang/String;Ljava/lang/String;Ljava/lang/String;Ljava/lang/Object;)Lorg/objectweb/asm/FieldVisitor; 5121 1 2504 0 -1
ciMethod org/objectweb/asm/ClassVisitor visitMethod (ILjava/lang/String;Ljava/lang/String;Ljava/lang/String;[Ljava/lang/String;)Lorg/objectweb/asm/MethodVisitor; 37977 1 1750 0 0
ciMethod org/objectweb/asm/ClassVisitor visitEnd ()V 4097 1 386 0 0
ciMethod org/objectweb/asm/tree/ClassNode visitMethod (ILjava/lang/String;Ljava/lang/String;Ljava/lang/String;[Ljava/lang/String;)Lorg/objectweb/asm/MethodVisitor; 4097 1 1750 0 0
ciMethod org/objectweb/asm/tree/ClassNode visitEnd ()V 4097 1 386 0 0
ciMethod org/objectweb/asm/tree/MethodNode <init> (ILjava/lang/String;Ljava/lang/String;Ljava/lang/String;[Ljava/lang/String;)V 4097 1 1750 0 -1
ciMethod org/objectweb/asm/tree/MethodNode <init> (IILjava/lang/String;Ljava/lang/String;Ljava/lang/String;[Ljava/lang/String;)V 4097 1 1750 0 -1
ciMethod org/objectweb/asm/tree/MethodNode visitAnnotationDefault ()Lorg/objectweb/asm/AnnotationVisitor; 25 1 3 0 0
ciMethod org/objectweb/asm/tree/MethodNode visitCode ()V 4097 1 1597 0 0
ciMethod org/objectweb/asm/tree/MethodNode visitInsn (I)V 4097 1 5895 0 0
ciMethod org/objectweb/asm/tree/MethodNode visitIntInsn (II)V 4097 1 478 0 0
ciMethod org/objectweb/asm/tree/MethodNode visitVarInsn (II)V 161033 1 8401 0 0
ciMethod org/objectweb/asm/tree/MethodNode visitTypeInsn (ILjava/lang/String;)V 4097 1 1158 0 0
ciMethod org/objectweb/asm/tree/MethodNode visitFieldInsn (ILjava/lang/String;Ljava/lang/String;Ljava/lang/String;)V 4097 1 1984 0 0
ciMethod org/objectweb/asm/tree/MethodNode visitMethodInsn (ILjava/lang/String;Ljava/lang/String;Ljava/lang/String;)V 4097 1 5323 0 0
ciMethod org/objectweb/asm/tree/MethodNode visitJumpInsn (ILorg/objectweb/asm/Label;)V 4097 1 1348 0 0
ciMethod org/objectweb/asm/tree/MethodNode visitLabel (Lorg/objectweb/asm/Label;)V 4097 1 2218 0 0
ciMethod org/objectweb/asm/tree/MethodNode visitLdcInsn (Ljava/lang/Object;)V 4097 1 1501 0 0
ciMethod org/objectweb/asm/tree/MethodNode visitIincInsn (II)V 1233 1 25 0 0
ciMethod org/objectweb/asm/tree/MethodNode visitTableSwitchInsn (IILorg/objectweb/asm/Label;[Lorg/objectweb/asm/Label;)V 185 1 11 0 0
ciMethod org/objectweb/asm/tree/MethodNode visitLookupSwitchInsn (Lorg/objectweb/asm/Label;[I[Lorg/objectweb/asm/Label;)V 353 1 17 0 0
ciMethod org/objectweb/asm/tree/MethodNode visitTryCatchBlock (Lorg/objectweb/asm/Label;Lorg/objectweb/asm/Label;Lorg/objectweb/asm/Label;Ljava/lang/String;)V 3097 1 295 0 0
ciMethod org/objectweb/asm/tree/MethodNode visitLocalVariable (Ljava/lang/String;Ljava/lang/String;Ljava/lang/String;Lorg/objectweb/asm/Label;Lorg/objectweb/asm/Label;I)V 2049 1 164 0 0
ciMethod org/objectweb/asm/tree/MethodNode visitLineNumber (ILorg/objectweb/asm/Label;)V 3233 1 283 0 0
ciMethod org/objectweb/asm/tree/MethodNode visitMaxs (II)V 4097 1 1597 0 0
ciMethod org/objectweb/asm/tree/MethodNode visitEnd ()V 4097 1 1750 0 0
ciMethod org/objectweb/asm/tree/MethodNode getLabelNode (Lorg/objectweb/asm/Label;)Lorg/objectweb/asm/tree/LabelNode; 4097 1 5198 0 0
ciMethod org/objectweb/asm/tree/MethodNode getLabelNodes ([Lorg/objectweb/asm/Label;)[Lorg/objectweb/asm/tree/LabelNode; 537 1793 28 0 -1
ciMethod org/objectweb/asm/MethodVisitor <init> (I)V 4097 1 1750 0 -1
ciMethod org/objectweb/asm/MethodVisitor <init> (ILorg/objectweb/asm/MethodVisitor;)V 4097 1 1750 0 -1
ciMethod org/objectweb/asm/MethodVisitor visitAnnotationDefault ()Lorg/objectweb/asm/AnnotationVisitor; 0 0 1 0 -1
ciMethod org/objectweb/asm/MethodVisitor visitAnnotation (Ljava/lang/String;Z)Lorg/objectweb/asm/AnnotationVisitor; 0 0 1 0 -1
ciMethod org/objectweb/asm/MethodVisitor visitParameterAnnotation (ILjava/lang/String;Z)Lorg/objectweb/asm/AnnotationVisitor; 0 0 1 0 -1
ciMethod org/objectweb/asm/MethodVisitor visitAttribute (Lorg/objectweb/asm/Attribute;)V 0 0 1 0 -1
ciMethod org/objectweb/asm/MethodVisitor visitCode ()V 0 0 1 0 -1
ciMethod org/objectweb/asm/MethodVisitor visitFrame (II[Ljava/lang/Object;I[Ljava/lang/Object;)V 0 0 1 0 -1
ciMethod org/objectweb/asm/MethodVisitor visitInsn (I)V 0 0 1 0 -1
ciMethod org/objectweb/asm/MethodVisitor visitIntInsn (II)V 0 0 1 0 -1
ciMethod org/objectweb/asm/MethodVisitor visitVarInsn (II)V 0 0 1 0 -1
ciMethod org/objectweb/asm/MethodVisitor visitTypeInsn (ILjava/lang/String;)V 0 0 1 0 -1
ciMethod org/objectweb/asm/MethodVisitor visitFieldInsn (ILjava/lang/String;Ljava/lang/String;Ljava/lang/String;)V 0 0 1 0 -1
ciMethod org/objectweb/asm/MethodVisitor visitMethodInsn (ILjava/lang/String;Ljava/lang/String;Ljava/lang/String;)V 0 0 1 0 -1
ciMethod org/objectweb/asm/MethodVisitor visitInvokeDynamicInsn (Ljava/lang/String;Ljava/lang/String;Lorg/objectweb/asm/Handle;[Ljava/lang/Object;)V 0 0 1 0 -1
ciMethod org/objectweb/asm/MethodVisitor visitJumpInsn (ILorg/objectweb/asm/Label;)V 0 0 1 0 -1
ciMethod org/objectweb/asm/MethodVisitor visitLabel (Lorg/objectweb/asm/Label;)V 0 0 1 0 -1
ciMethod org/objectweb/asm/MethodVisitor visitLdcInsn (Ljava/lang/Object;)V 0 0 1 0 -1
ciMethod org/objectweb/asm/MethodVisitor visitIincInsn (II)V 0 0 1 0 -1
ciMethod org/objectweb/asm/MethodVisitor visitTableSwitchInsn (IILorg/objectweb/asm/Label;[Lorg/objectweb/asm/Label;)V 0 0 1 0 -1
ciMethod org/objectweb/asm/MethodVisitor visitLookupSwitchInsn (Lorg/objectweb/asm/Label;[I[Lorg/objectweb/asm/Label;)V 0 0 1 0 -1
ciMethod org/objectweb/asm/MethodVisitor visitMultiANewArrayInsn (Ljava/lang/String;I)V 0 0 1 0 -1
ciMethod org/objectweb/asm/MethodVisitor visitTryCatchBlock (Lorg/objectweb/asm/Label;Lorg/objectweb/asm/Label;Lorg/objectweb/asm/Label;Ljava/lang/String;)V 0 0 1 0 -1
ciMethod org/objectweb/asm/MethodVisitor visitLocalVariable (Ljava/lang/String;Ljava/lang/String;Ljava/lang/String;Lorg/objectweb/asm/Label;Lorg/objectweb/asm/Label;I)V 0 0 1 0 -1
ciMethod org/objectweb/asm/MethodVisitor visitLineNumber (ILorg/objectweb/asm/Label;)V 0 0 1 0 -1
ciMethod org/objectweb/asm/MethodVisitor visitMaxs (II)V 0 0 1 0 -1
ciMethod org/objectweb/asm/MethodVisitor visitEnd ()V 0 0 1 0 -1
ciMethod org/objectweb/asm/AnnotationVisitor visit (Ljava/lang/String;Ljava/lang/Object;)V 0 0 1 0 -1
ciMethod org/objectweb/asm/AnnotationVisitor visitEnum (Ljava/lang/String;Ljava/lang/String;Ljava/lang/String;)V 0 0 1 0 -1
ciMethod org/objectweb/asm/AnnotationVisitor visitAnnotation (Ljava/lang/String;Ljava/lang/String;)Lorg/objectweb/asm/AnnotationVisitor; 0 0 1 0 -1
ciMethod org/objectweb/asm/AnnotationVisitor visitArray (Ljava/lang/String;)Lorg/objectweb/asm/AnnotationVisitor; 0 0 1 0 -1
ciMethod org/objectweb/asm/AnnotationVisitor visitEnd ()V 0 0 1 0 -1
ciMethod org/objectweb/asm/Attribute <init> (Ljava/lang/String;)V 0 0 1 0 -1
ciMethod org/objectweb/asm/Attribute read (Lorg/objectweb/asm/ClassReader;II[CI[Lorg/objectweb/asm/Label;)Lorg/objectweb/asm/Attribute; 0 0 1 0 -1
ciMethod org/objectweb/asm/FieldVisitor visitAnnotation (Ljava/lang/String;Z)Lorg/objectweb/asm/AnnotationVisitor; 0 0 1 0 -1
ciMethod org/objectweb/asm/FieldVisitor visitAttribute (Lorg/objectweb/asm/Attribute;)V 0 0 1 0 -1
ciMethod org/objectweb/asm/FieldVisitor visitEnd ()V 0 0 1 0 -1
ciMethod org/objectweb/asm/Label <init> ()V 4097 1 3769 0 0
ciMethod org/objectweb/asm/tree/LabelNode <init> (Lorg/objectweb/asm/Label;)V 4097 1 2218 0 0
ciMethod org/objectweb/asm/tree/InsnList <init> ()V 4097 1 1750 0 -1
ciMethod org/objectweb/asm/tree/InsnList add (Lorg/objectweb/asm/tree/AbstractInsnNode;)V 674313 1 28664 0 0
ciMethodData org/objectweb/asm/ClassReader a (I[CLjava/lang/String;Lorg/objectweb/asm/AnnotationVisitor;)I 1 245 orig 264 184 158 195 109 0 0 0 0 120 228 140 39 0 0 0 0 32 21 0 0 96 18 0 0 0 0 0 0 0 0 0 0 0 0 0 0 0 0 0 0 0 0 0 0 0 0 0 0 0 0 0 0 0 0 0 0 0 0 0 0 0 0 0 0 0 0 0 0 0 0 0 0 0 0 0 0 0 0 0 0 77 68 79 32 101 120 116 114 97 32 100 97 116 97 32 108 111 99 107 0 0 0 0 0 0 0 0 0 0 0 0 0 0 0 0 0 0 0 0 0 0 0 0 0 0 0 0 0 0 0 0 0 0 0 0 0 0 0 0 0 0 0 0 0 0 0 0 0 0 0 0 0 0 0 0 0 0 0 0 0 0 0 0 0 0 0 0 0 0 0 0 0 0 0 0 0 0 0 0 0 0 0 0 0 0 0 0 0 0 0 0 0 0 0 0 0 0 0 0 0 0 0 0 0 0 0 0 0 0 0 0 0 0 0 0 0 121 0 0 0 225 3 0 0 1 0 0 0 0 0 0 0 0 0 0 0 2 0 0 0 0 0 0 0 0 0 1 0 168 19 0 0 255 255 255 255 7 0 2 0 0 0 0 0 data 629 0x20007 0x7c 0x90 0x0 0xf0008 0x8 0x0 0x70 0x0 0x50 0x0 0x60 0x0 0x50 0x3b0002 0x0 0x460002 0x0 0x5b0008 0x6a 0x0 0x1318 0x0 0x8b8 0x0 0x1318 0x0 0x408 0x0 0x658 0x0 0x360 0x0 0x1318 0x0 0x360 0x0 0x1318 0x0 0x1318 0x0 0x360 0x0 0x360 0x0 0x1318 0x0 0x1318 0x0 0x1318 0x0 0x1318 0x0 0x1318 0x0 0x1318 0x0 0x1318 0x0 0x1318 0x0 0x5a0 0x0 0x1318 0x0 0x1318 0x0 0x1318 0x0 0x1318 0x0 0x1318 0x0 0x1318 0x1 0x4c0 0x1b 0x940 0x0 0x1318 0x0 0x1318 0x0 0x1318 0x0 0x1318 0x0 0x1318 0x0 0x1318 0x0 0x1318 0x0 0x830 0x0 0x1318 0x60 0x788 0x0 0x1318 0x0 0x1318 0x0 0x1318 0x0 0x1318 0x0 0x1318 0x0 0x1318 0x0 0x1318 0x0 0x1318 0x0 0x1318 0x0 0x1318 0x0 0x1318 0x0 0x1318 0x0 0x1318 0x0 0x710 0x13e0005 0x0 0x0 0x0 0x0 0x0 0x1420005 0x0 0x0 0x0 0x0 0x0 0x1450005 0x0 0x0 0x0 0x0 0x0 0x14b0003 0x0 0xf28 0x15c0005 0x0 0x0 0x0 0x0 0x0 0x1600005 0x0 0x0 0x0 0x0 0x0 0x1640002 0x0 0x1670005 0x0 0x0 0x0 0x0 0x0 0x16d0003 0x0 0xe70 0x17a0005 0x0 0x1aa2b040 0x1 0x0 0x0 0x17e0005 0x0 0x1aa2b040 0x1 0x0 0x0 0x1810007 0x0 0x38 0x1 0x1870003 0x1 0x18 0x18d0005 0x0 0x1aa31340 0x1 0x0 0x0 0x1930003 0x1 0xd90 0x1a40005 0x0 0x0 0x0 0x0 0x0 0x1a80005 0x0 0x0 0x0 0x0 0x0 0x1ac0002 0x0 0x1af0005 0x0 0x0 0x0 0x0 0x0 0x1b50003 0x0 0xcd8 0x1c60005 0x0 0x0 0x0 0x0 0x0 0x1ca0005 0x0 0x0 0x0 0x0 0x0 0x1ce0002 0x0 0x1d10005 0x0 0x0 0x0 0x0 0x0 0x1d70003 0x0 0xc20 0x1e00005 0x0 0x0 0x0 0x0 0x0 0x1e30005 0x0 0x0 0x0 0x0 0x0 0x1e90003 0x0 0xba8 0x1f20005 0x0 0x1aa2b040 0x60 0x0 0x0 0x1fa0005 0x0 0x1aa2b040 0x60 0x0 0x0 0x1fd0005 0x0 0x1aa31340 0x60 0x0 0x0 0x2030003 0x60 0xb00 0x20c0005 0x0 0x0 0x0 0x0 0x0 0x20f0002 0x0 0x2120005 0x0 0x0 0x0 0x0 0x0 0x2180003 0x0 0xa78 0x2270005 0x0 0x0 0x0 0x0 0x0 0x22a0005 0x0 0x0 0x0 0x0 0x0 0x22d0002 0x0 0x2310003 0x0 0x9f0 0x2360005 0x0 0x1aa2b040 0x1b 0x0 0x0 0x2400007 0x19 0x60 0x2 0x24c0005 0x0 0x1aa31340 0x2 0x0 0x0 0x24f0002 0x2 0x2600008 0x34 0x19 0x908 0x0 0x1b0 0x0 0x488 0x0 0x818 0x0 0x908 0x0 0x728 0x0 0x908 0x0 0x908 0x0 0x568 0x0 0x648 0x0 0x908 0x0 0x908 0x0 0x908 0x0 0x908 0x0 0x908 0x0 0x908 0x0 0x908 0x0 0x908 0x0 0x3a8 0x0 0x908 0x0 0x908 0x0 0x908 0x0 0x908 0x0 0x908 0x0 0x908 0x0 0x290 0x2e10007 0x0 0x98 0x0 0x2ef0005 0x0 0x0 0x0 0x0 0x0 0x2f30005 0x0 0x0 0x0 0x0 0x0 0x2fe0003 0x0 0xffffffffffffff80 0x3060005 0x0 0x0 0x0 0x0 0x0 0x30c0003 0x0 0x6d0 0x31c0007 0x0 0xd0 0x0 0x32a0005 0x0 0x0 0x0 0x0 0x0 0x32e0005 0x0 0x0 0x0 0x0 0x0 0x3310007 0x0 0x38 0x0 0x3350003 0x0 0x18 0x3400003 0x0 0xffffffffffffff48 0x3480005 0x0 0x0 0x0 0x0 0x0 0x34e0003 0x0 0x5b8 0x35e0007 0x0 0x98 0x0 0x36c0005 0x0 0x0 0x0 0x0 0x0 0x3700005 0x0 0x0 0x0 0x0 0x0 0x37b0003 0x0 0xffffffffffffff80 0x3830005 0x0 0x0 0x0 0x0 0x0 0x3890003 0x0 0x4d8 0x3990007 0x0 0x98 0x0 0x3a70005 0x0 0x0 0x0 0x0 0x0 0x3ab0005 0x0 0x0 0x0 0x0 0x0 0x3b60003 0x0 0xffffffffffffff80 0x3be0005 0x0 0x0 0x0 0x0 0x0 0x3c40003 0x0 0x3f8 0x3d40007 0x0 0x98 0x0 0x3e20005 0x0 0x0 0x0 0x0 0x0 0x3e60005 0x0 0x0 0x0 0x0 0x0 0x3f00003 0x0 0xffffffffffffff80 0x3f80005 0x0 0x0 0x0 0x0 0x0 0x3fe0003 0x0 0x318 0x40e0007 0x0 0x98 0x0 0x41c0005 0x0 0x0 0x0 0x0 0x0 0x4200005 0x0 0x0 0x0 0x0 0x0 0x42a0003 0x0 0xffffffffffffff80 0x4320005 0x0 0x0 0x0 0x0 0x0 0x4380003 0x0 0x238 0x4480007 0x0 0xa8 0x0 0x4560005 0x0 0x0 0x0 0x0 0x0 0x45a0005 0x0 0x0 0x0 0x0 0x0 0x45d0002 0x0 0x4670003 0x0 0xffffffffffffff70 0x46f0005 0x0 0x0 0x0 0x0 0x0 0x4750003 0x0 0x148 0x4850007 0x0 0xa8 0x0 0x4930005 0x0 0x0 0x0 0x0 0x0 0x4970005 0x0 0x0 0x0 0x0 0x0 0x49a0002 0x0 0x4a40003 0x0 0xffffffffffffff70 0x4ac0005 0x0 0x0 0x0 0x0 0x0 0x4b20003 0x0 0x58 0x4be0005 0x0 0x1aa31340 0x19 0x0 0x0 0x4c10002 0x19 oops 9 172 org/objectweb/asm/ClassReader 178 org/objectweb/asm/ClassReader 191 org/objectweb/asm/tree/AnnotationNode 261 org/objectweb/asm/ClassReader 267 org/objectweb/asm/ClassReader 273 org/objectweb/asm/tree/AnnotationNode 316 org/objectweb/asm/ClassReader 326 org/objectweb/asm/tree/AnnotationNode 623 org/objectweb/asm/tree/AnnotationNode
ciMethod org/objectweb/asm/ClassReader accept (Lorg/objectweb/asm/ClassVisitor;[Lorg/objectweb/asm/Attribute;I)V 1041 32449 742 0 -1
ciMethod org/objectweb/asm/ClassReader a (ILjava/lang/String;[CZLorg/objectweb/asm/MethodVisitor;)V 1 1 1 0 0
ciMethod org/objectweb/asm/ClassReader a (I[CZLorg/objectweb/asm/AnnotationVisitor;)I 769 969 194 0 0
ciMethod org/objectweb/asm/ClassReader a (I[CLjava/lang/String;Lorg/objectweb/asm/AnnotationVisitor;)I 969 1 245 0 0
ciMethod org/objectweb/asm/ClassReader a ([Ljava/lang/Object;II[C[Lorg/objectweb/asm/Label;)I 1 1 1 0 -1
ciMethod org/objectweb/asm/ClassReader readLabel (I[Lorg/objectweb/asm/Label;)Lorg/objectweb/asm/Label; 1 1 3899 0 0
ciMethod org/objectweb/asm/ClassReader a ([Lorg/objectweb/asm/Attribute;Ljava/lang/String;II[CI[Lorg/objectweb/asm/Label;)Lorg/objectweb/asm/Attribute; 0 0 1 0 0
ciMethod org/objectweb/asm/ClassReader readByte (I)I 0 0 1 0 0
ciMethod org/objectweb/asm/ClassReader readUnsignedShort (I)I 311937 1 53166 0 160
ciMethod org/objectweb/asm/ClassReader readShort (I)S 1977 1 3421 0 0
ciMethod org/objectweb/asm/ClassReader readInt (I)I 87441 1 11065 0 192
ciMethod org/objectweb/asm/ClassReader readLong (I)J 129 1 16 0 0
ciMethod org/objectweb/asm/ClassReader readUTF8 (I[C)Ljava/lang/String; 174817 1 32531 0 1728
ciMethod org/objectweb/asm/ClassReader a (II[C)Ljava/lang/String; 14001 423585 9905 0 1120
ciMethod org/objectweb/asm/ClassReader readClass (I[C)Ljava/lang/String; 100561 1 12625 0 0
ciMethod org/objectweb/asm/ClassReader readConst (I[C)Ljava/lang/Object; 721 1 4106 0 0
ciMethodData org/objectweb/asm/ClassReader readUnsignedShort (I)I 2 60726 orig 264 184 158 195 109 0 0 0 0 8 234 140 39 0 0 0 0 40 1 0 0 0 0 0 0 0 0 0 0 0 0 0 0 0 0 0 0 0 0 0 0 0 0 0 0 0 0 0 0 0 0 0 0 0 0 0 0 0 0 0 0 0 0 0 0 0 0 0 0 0 0 0 0 0 0 0 0 0 0 0 0 77 68 79 32 101 120 116 114 97 32 100 97 116 97 32 108 111 99 107 0 0 0 0 0 0 0 0 0 0 0 0 0 0 0 0 0 0 0 0 0 0 0 0 0 0 0 0 0 0 0 0 0 0 0 0 0 0 0 0 0 0 0 0 0 0 0 0 0 0 0 0 0 0 0 0 0 0 0 0 0 0 0 0 0 0 0 0 0 0 0 0 0 0 0 0 0 0 0 0 0 0 0 0 0 0 0 0 0 0 0 0 0 0 0 0 0 0 0 0 0 0 0 0 0 0 0 0 0 0 0 0 0 0 0 0 0 105 1 0 0 49 167 2 0 1 0 0 0 0 0 0 0 0 0 0 0 2 0 0 0 0 0 3 0 4 0 0 0 0 0 0 0 255 255 255 255 0 0 0 0 0 0 0 0 data 0 oops 0
ciMethodData org/objectweb/asm/ClassReader a (II[C)Ljava/lang/String; 2 285669 orig 264 184 158 195 109 0 0 0 0 40 238 140 39 0 0 0 0 152 2 0 0 48 1 0 0 0 0 0 0 0 0 0 0 0 0 0 0 0 0 0 0 0 0 0 0 0 0 0 0 0 0 0 0 0 0 0 0 0 0 0 0 0 0 0 0 0 0 0 0 0 0 0 0 0 0 0 0 0 0 0 0 77 68 79 32 101 120 116 114 97 32 100 97 116 97 32 108 111 99 107 0 0 0 0 0 0 0 0 0 0 0 0 0 0 0 0 0 0 0 0 0 0 0 0 0 0 0 0 0 0 0 0 0 0 0 0 0 0 0 0 0 0 0 0 0 0 0 0 0 0 0 0 0 0 0 0 0 0 0 0 0 0 0 0 0 0 0 0 0 0 0 0 0 0 0 0 0 0 0 0 0 0 0 0 0 0 0 0 0 0 0 0 0 0 0 0 0 0 0 0 0 0 0 0 0 0 0 0 0 0 0 0 0 0 0 0 0 158 11 0 0 217 254 0 0 137 104 28 0 0 0 0 0 0 0 0 0 2 0 0 0 1 0 18 0 4 3 1 0 88 1 0 0 255 255 255 255 7 0 23 0 0 0 0 0 data 43 0x170007 0x1fdd 0x148 0x38d0f 0x250008 0x8 0x0 0x110 0x36a 0x50 0x0 0xf8 0x0 0x110 0x4d0007 0x0 0x38 0x38d0f 0x5a0003 0x38d0f 0xa0 0x620007 0x0 0x58 0x0 0x6a0007 0x0 0x38 0x0 0x780003 0x0 0x48 0x860003 0x0 0x30 0x9f0003 0x0 0x18 0xb30003 0x38d11 0xfffffffffffffed0 0xbe0002 0x1fdd oops 0
ciMethodData org/objectweb/asm/ClassReader readUTF8 (I[C)Ljava/lang/String; 2 32531 orig 264 184 158 195 109 0 0 0 0 216 236 140 39 0 0 0 0 24 2 0 0 48 0 0 0 0 0 0 0 0 0 0 0 0 0 0 0 0 0 0 0 0 0 0 0 0 0 0 0 0 0 0 0 0 0 0 0 0 0 0 0 0 0 0 0 0 0 0 0 0 0 0 0 0 0 0 0 0 0 0 0 77 68 79 32 101 120 116 114 97 32 100 97 116 97 32 108 111 99 107 0 0 0 0 0 0 0 0 0 0 0 0 0 0 0 0 0 0 0 0 0 0 0 0 0 0 0 0 0 0 0 0 0 0 0 0 0 0 0 0 0 0 0 0 0 0 0 0 0 0 0 0 0 0 0 0 0 0 0 0 0 0 0 0 0 0 0 0 0 0 0 0 0 0 0 0 0 0 0 0 0 0 0 0 0 0 0 0 0 0 0 0 0 0 0 0 0 0 0 0 0 0 0 0 0 0 0 0 0 0 0 0 0 0 0 0 0 27 1 0 0 185 77 1 0 1 0 0 0 0 0 0 0 0 0 0 0 2 0 0 0 0 0 5 0 4 0 1 0 192 0 0 0 255 255 255 255 5 0 2 0 0 0 0 0 data 24 0x20005 0x0 0x1aa2b040 0x29b7 0x0 0x0 0x100007 0xde0 0x20 0x1bd7 0x280005 0x0 0x1aa2b040 0xde0 0x0 0x0 0x2c0002 0xde0 0x300004 0x0 0x217a010 0xde0 0x0 0x0 oops 3 2 org/objectweb/asm/ClassReader 12 org/objectweb/asm/ClassReader 20 java/lang/String
ciMethodData org/objectweb/asm/ClassReader readInt (I)I 1 11065 orig 264 184 158 195 109 0 0 0 0 112 235 140 39 0 0 0 0 40 1 0 0 0 0 0 0 0 0 0 0 0 0 0 0 0 0 0 0 0 0 0 0 0 0 0 0 0 0 0 0 0 0 0 0 0 0 0 0 0 0 0 0 0 0 0 0 0 0 0 0 0 0 0 0 0 0 0 0 0 0 0 0 77 68 79 32 101 120 116 114 97 32 100 97 116 97 32 108 111 99 107 0 0 0 0 0 0 0 0 0 0 0 0 0 0 0 0 0 0 0 0 0 0 0 0 0 0 0 0 0 0 0 0 0 0 0 0 0 0 0 0 0 0 0 0 0 0 0 0 0 0 0 0 0 0 0 0 0 0 0 0 0 0 0 0 0 0 0 0 0 0 0 0 0 0 0 0 0 0 0 0 0 0 0 0 0 0 0 0 0 0 0 0 0 0 0 0 0 0 0 0 0 0 0 0 0 0 0 0 0 0 0 0 0 0 0 0 0 29 1 0 0 57 4 0 0 1 0 0 0 0 0 0 0 0 0 0 0 2 0 0 0 0 0 3 0 4 0 0 0 0 0 0 0 255 255 255 255 0 0 0 0 0 0 0 0 data 0 oops 0
ciMethodData org/objectweb/asm/ClassReader readClass (I[C)Ljava/lang/String; 1 13132 orig 264 184 158 195 109 0 0 0 0 192 238 140 39 0 0 0 0 184 1 0 0 0 0 0 0 0 0 0 0 0 0 0 0 0 0 0 0 0 0 0 0 0 0 0 0 0 0 0 0 0 0 0 0 0 0 0 0 0 0 0 0 0 0 0 0 0 0 0 0 0 0 0 0 0 0 0 0 0 0 0 0 77 68 79 32 101 120 116 114 97 32 100 97 116 97 32 108 111 99 107 0 0 0 0 0 0 0 0 0 0 0 0 0 0 0 0 0 0 0 0 0 0 0 0 0 0 0 0 0 0 0 0 0 0 0 0 0 0 0 0 0 0 0 0 0 0 0 0 0 0 0 0 0 0 0 0 0 0 0 0 0 0 0 0 0 0 0 0 0 0 0 0 0 0 0 0 0 0 0 0 0 0 0 0 0 0 0 0 0 0 0 0 0 0 0 0 0 0 0 0 0 0 0 0 0 0 0 0 0 0 0 0 0 0 0 0 0 41 1 0 0 145 17 0 0 1 0 0 0 0 0 0 0 0 0 0 0 2 0 0 0 0 0 3 0 3 0 1 0 96 0 0 0 255 255 255 255 5 0 7 0 0 0 0 0 data 12 0x70005 0x0 0x1aa2b040 0x232 0x0 0x0 0xc0005 0x0 0x1aa2b040 0x232 0x0 0x0 oops 2 2 org/objectweb/asm/ClassReader 8 org/objectweb/asm/ClassReader
ciMethodData org/objectweb/asm/ClassVisitor visitMethod (ILjava/lang/String;Ljava/lang/String;Ljava/lang/String;[Ljava/lang/String;)Lorg/objectweb/asm/MethodVisitor; 1 1750 orig 264 184 158 195 109 0 0 0 0 168 49 90 39 0 0 0 0 192 1 0 0 0 0 0 0 0 0 0 0 0 0 0 0 0 0 0 0 0 0 0 0 0 0 0 0 0 0 0 0 0 0 0 0 0 0 0 0 0 0 0 0 0 0 0 0 0 0 0 0 0 0 0 0 0 0 0 0 0 0 0 0 77 68 79 32 101 120 116 114 97 32 100 97 116 97 32 108 111 99 107 0 0 0 0 0 0 0 0 0 0 0 0 0 0 0 0 0 0 0 0 0 0 0 0 0 0 0 0 0 0 0 0 0 0 0 0 0 0 0 0 0 0 0 0 0 0 0 0 0 0 0 0 0 0 0 0 0 0 0 0 0 0 0 0 0 0 0 0 0 0 0 0 0 0 0 0 0 0 0 0 0 0 0 0 0 0 0 0 0 0 0 0 0 0 0 0 0 0 0 0 0 0 0 0 0 0 0 0 0 0 0 0 0 0 0 0 0 138 1 0 0 1 0 0 0 1 0 0 0 0 0 0 0 0 0 0 0 2 0 0 0 0 0 5 0 2 0 1 0 80 0 0 0 255 255 255 255 7 0 4 0 0 0 0 0 data 10 0x40007 0x0 0x50 0x0 0x120005 0x0 0x0 0x0 0x0 0x0 oops 0
ciMethodData org/objectweb/asm/ClassReader accept (Lorg/objectweb/asm/ClassVisitor;[Lorg/objectweb/asm/Attribute;I)V 2 88805 orig 264 184 158 195 109 0 0 0 0 64 221 140 39 0 0 0 0 40 92 0 0 144 25 0 0 0 0 0 0 0 0 0 0 0 0 0 0 0 0 0 0 0 0 0 0 0 0 0 0 0 0 0 0 0 0 0 0 0 0 0 0 0 0 0 0 0 0 0 0 0 0 0 0 0 0 0 0 0 0 0 0 77 68 79 32 101 120 116 114 97 32 100 97 116 97 32 108 111 99 107 0 0 0 0 0 0 0 0 0 0 0 0 0 0 0 0 0 0 0 0 0 0 0 0 0 0 0 0 0 0 0 0 0 0 0 0 0 0 0 0 0 0 0 0 0 1 0 0 0 0 0 0 0 0 0 0 0 0 0 0 0 0 0 0 0 0 0 0 0 0 0 0 0 0 0 0 0 0 0 0 0 0 0 0 0 0 0 0 0 0 0 0 0 0 0 0 0 0 0 0 0 0 0 0 0 0 0 0 0 0 0 0 0 0 0 0 0 0 12 0 0 33 19 0 0 153 85 10 0 0 0 0 0 0 0 0 0 2 0 0 0 48 0 79 2 3 0 1 0 104 89 0 0 255 255 255 255 5 0 32 0 0 0 0 0 data 2861 0x200005 0x0 0x1aa2b040 0x264 0x0 0x0 0x2c0005 0x0 0x1aa2b040 0x264 0x0 0x0 0x3a0005 0x0 0x1aa2b040 0x264 0x0 0x0 0x420007 0x264 0x38 0x0 0x460003 0x0 0x48 0x4e0005 0x0 0x1aa2b040 0x264 0x0 0x0 0x590005 0x0 0x1aa2b040 0x264 0x0 0x0 0x6f0007 0x264 0x98 0x15b 0x7b0005 0x0 0x1aa2b040 0x15b 0x0 0x0 0x7e0004 0x0 0x217a010 0x15b 0x0 0x0 0x850003 0x15b 0xffffffffffffff80 0x8b0007 0x164 0x38 0x100 0x8f0003 0x100 0x18 0x980007 0x164 0x38 0x100 0x9c0003 0x100 0x18 0xa60007 0x264 0x38 0x0 0xaa0003 0x0 0x18 0xb70005 0x0 0x1aa2b040 0x264 0x0 0x0 0xc10007 0x264 0xd0 0xed4 0xca0005 0x0 0x1aa2b040 0xed4 0x0 0x0 0xd40007 0xed4 0x68 0xbd9 0xe00005 0x0 0x1aa2b040 0xbd9 0x0 0x0 0xea0003 0xbd9 0xffffffffffffffb0 0xf00003 0xed4 0xffffffffffffff48 0xf60005 0x0 0x1aa2b040 0x264 0x0 0x0 0x1000007 0x264 0xd0 0xb07 0x1090005 0x0 0x1aa2b040 0xb07 0x0 0x0 0x1130007 0xb07 0x68 0xcfe 0x11f0005 0x0 0x1aa2b040 0xcfe 0x0 0x0 0x1290003 0xcfe 0xffffffffffffffb0 0x12f0003 0xb07 0xffffffffffffff48 0x14a0005 0x0 0x1aa2b040 0x264 0x0 0x0 0x1540007 0x264 0x720 0x301 0x15c0005 0x0 0x1aa2b040 0x301 0x0 0x0 0x1660005 0x301 0x0 0x0 0x0 0x0 0x1690007 0x2b0 0x68 0x51 0x1740005 0x0 0x1aa2b040 0x51 0x0 0x0 0x1790003 0x51 0x608 0x1810005 0x2b0 0x0 0x0 0x0 0x0 0x1840007 0xae 0x38 0x202 0x18e0003 0x202 0x5a0 0x1960005 0xae 0x0 0x0 0x0 0x0 0x1990007 0xa8 0x118 0x6 0x1a40005 0x0 0x1aa2b040 0x6 0x0 0x0 0x1af0005 0x0 0x1aa2b040 0x6 0x0 0x0 0x1b60007 0x0 0x80 0x6 0x1c30005 0x0 0x1aa2b040 0x6 0x0 0x0 0x1d40005 0x0 0x1aa2b040 0x6 0x0 0x0 0x1d90003 0x6 0x458 0x1e10005 0xa8 0x0 0x0 0x0 0x0 0x1e40007 0x19 0x68 0x8f 0x1ef0005 0x0 0x1aa2b040 0x8f 0x0 0x0 0x1f40003 0x8f 0x3c0 0x1fc0005 0x19 0x0 0x0 0x0 0x0 0x1ff0007 0x0 0x38 0x19 0x2090003 0x19 0x358 0x2110005 0x0 0x0 0x0 0x0 0x0 0x2140007 0x0 0x38 0x0 0x21e0003 0x0 0x2f0 0x2260005 0x0 0x0 0x0 0x0 0x0 0x2290007 0x0 0x38 0x0 0x2330003 0x0 0x288 0x23b0005 0x0 0x0 0x0 0x0 0x0 0x23e0007 0x0 0x78 0x0 0x2460005 0x0 0x0 0x0 0x0 0x0 0x2570002 0x0 0x25c0003 0x0 0x1e0 0x2640005 0x0 0x0 0x0 0x0 0x0 0x2670007 0x0 0x38 0x0 0x2710003 0x0 0x178 0x2780005 0x0 0x0 0x0 0x0 0x0 0x27b0007 0x0 0xd0 0x0 0x2840005 0x0 0x0 0x0 0x0 0x0 0x29d0007 0x0 0x68 0x0 0x2af0005 0x0 0x0 0x0 0x0 0x0 0x2bb0003 0x0 0xffffffffffffffb0 0x2be0003 0x0 0x78 0x2cf0005 0x0 0x0 0x0 0x0 0x0 0x2d60002 0x0 0x2dd0007 0x0 0x20 0x0 0x2f40005 0x0 0x1aa2b040 0x301 0x0 0x0 0x2fe0003 0x301 0xfffffffffffff8f8 0x3040005 0x0 0x1aa2b040 0x264 0x0 0x0 0x3110005 0x0 0x1aa31080 0x100 0x1aa31130 0x164 0x3160007 0x100 0x90 0x164 0x31b0007 0x26 0x40 0x13e 0x3200007 0x13e 0x50 0x0 0x3280005 0x0 0x1aa31130 0x26 0x0 0x0 0x32d0007 0x25e 0x50 0x6 0x3370005 0x0 0x1aa31080 0x6 0x0 0x0 0x33f0007 0x264 0x1a0 0x4c8 0x3440007 0x264 0x38 0x264 0x3490003 0x264 0x18 0x3520007 0x4af 0x130 0x19 0x3580005 0x0 0x1aa2b040 0x19 0x0 0x0 0x3620007 0x19 0xe0 0x47 0x3730005 0x0 0x1aa2b040 0x47 0x0 0x0 0x3780007 0x0 0x38 0x47 0x37c0003 0x47 0x18 0x3800005 0x0 0x1aa31130 0x47 0x0 0x0 0x3830002 0x47 0x38b0003 0x47 0xffffffffffffff38 0x3910003 0x4c8 0xfffffffffffffe78 0x3960007 0x264 0x68 0x0 0x3a90005 0x0 0x0 0x0 0x0 0x0 0x3b00003 0x0 0xffffffffffffffb0 0x3b50007 0x62 0x2b0 0x202 0x3bb0005 0x0 0x1aa2b040 0x202 0x0 0x0 0x3c50007 0x202 0x260 0x53d 0x3cc0005 0x0 0x1aa2b040 0x53d 0x0 0x0 0x3cf0007 0x53d 0x38 0x0 0x3d30003 0x0 0x48 0x3db0005 0x0 0x1aa2b040 0x53d 0x0 0x0 0x3e30005 0x0 0x1aa2b040 0x53d 0x0 0x0 0x3e60007 0x3dc 0x38 0x161 0x3ea0003 0x161 0x48 0x3f40005 0x0 0x1aa2b040 0x3dc 0x0 0x0 0x3fc0005 0x0 0x1aa2b040 0x53d 0x0 0x0 0x3ff0007 0x3cd 0x38 0x170 0x4030003 0x170 0x48 0x40d0005 0x0 0x1aa2b040 0x3cd 0x0 0x0 0x4160005 0x0 0x1aa2b040 0x53d 0x0 0x0 0x4190005 0x0 0x1aa31080 0x22d 0x1aa31130 0x310 0x4220003 0x53d 0xfffffffffffffdb8 0x4280005 0x0 0x1aa2b040 0x264 0x0 0x0 0x4320007 0x264 0x7b0 0xed4 0x4380005 0x0 0x1aa2b040 0xed4 0x0 0x0 0x4440005 0x0 0x1aa2b040 0xed4 0x0 0x0 0x4500005 0x0 0x1aa2b040 0xed4 0x0 0x0 0x46a0005 0x0 0x1aa2b040 0xed4 0x0 0x0 0x4740007 0xed4 0x3c8 0xbd9 0x47c0005 0x0 0x1aa2b040 0xbd9 0x0 0x0 0x4860005 0xbd9 0x0 0x0 0x0 0x0 0x4890007 0x6e 0x68 0xb6b 0x4920005 0x0 0x1aa2b040 0xb6b 0x0 0x0 0x4970003 0xb6b 0x2b0 0x49f0005 0x6e 0x0 0x0 0x0 0x0 0x4a20007 0x0 0x68 0x6e 0x4ad0005 0x0 0x1aa2b040 0x6e 0x0 0x0 0x4b20003 0x6e 0x218 0x4ba0005 0x0 0x0 0x0 0x0 0x0 0x4bd0007 0x0 0x38 0x0 0x4c70003 0x0 0x1b0 0x4cf0005 0x0 0x0 0x0 0x0 0x0 0x4d20007 0x0 0x38 0x0 0x4dc0003 0x0 0x148 0x4e40005 0x0 0x0 0x0 0x0 0x0 0x4e70007 0x0 0x38 0x0 0x4f10003 0x0 0xe0 0x4f90005 0x0 0x0 0x0 0x0 0x0 0x4fc0007 0x0 0x38 0x0 0x5060003 0x0 0x78 0x5170005 0x0 0x0 0x0 0x0 0x0 0x51e0002 0x0 0x5250007 0x0 0x20 0x0 0x53c0005 0x0 0x1aa2b040 0xbd9 0x0 0x0 0x5460003 0xbd9 0xfffffffffffffc50 0x5540007 0xb6b 0x38 0x369 0x5580003 0x369 0x48 0x5600005 0x0 0x1aa2b040 0xb6b 0x0 0x0 0x5630005 0x0 0x1aa31080 0x8e8 0x1aa31130 0x5ec 0x56a0007 0x8e8 0x258 0x5ec 0x5720007 0x5ec 0x1a0 0xbd8 0x5770007 0x5ec 0x38 0x5ec 0x57c0003 0x5ec 0x18 0x5850007 0xbd8 0x130 0x0 0x58b0005 0x0 0x0 0x0 0x0 0x0 0x5950007 0x0 0xe0 0x0 0x5a70005 0x0 0x0 0x0 0x0 0x0 0x5ac0007 0x0 0x38 0x0 0x5b00003 0x0 0x18 0x5b40005 0x0 0x0 0x0 0x0 0x0 0x5b70002 0x0 0x5bf0003 0x0 0xffffffffffffff38 0x5c50003 0xbd8 0xfffffffffffffe78 0x5ca0007 0x5ec 0x68 0x0 0x5de0005 0x0 0x0 0x0 0x0 0x0 0x5e50003 0x0 0xffffffffffffffb0 0x5ea0005 0x0 0x1aa311e0 0x5ec 0x0 0x0 0x5f00003 0xed4 0xfffffffffffff868 0x5f60005 0x0 0x1aa2b040 0x264 0x0 0x0 0x6000007 0x263 0x3f78 0xb07 0x60d0005 0x0 0x1aa2b040 0xb07 0x0 0x0 0x6190005 0x0 0x1aa2b040 0xb07 0x0 0x0 0x6250005 0x0 0x1aa2b040 0xb07 0x0 0x0 0x64b0005 0x0 0x1aa2b040 0xb07 0x0 0x0 0x6550007 0xb07 0x528 0xcfe 0x65d0005 0x0 0x1aa2b040 0xcfe 0x0 0x0 0x6670005 0x0 0x1aa2b040 0xcfe 0x0 0x0 0x6740005 0xcfe 0x0 0x0 0x0 0x0 0x6770007 0x2f2 0x58 0xa0c 0x67c0007 0x41c 0x440 0x5f0 0x6830003 0x5f0 0x420 0x68b0005 0x2f2 0x0 0x0 0x0 0x0 0x68e0007 0x131 0x38 0x1c1 0x6950003 0x1c1 0x3b8 0x69d0005 0x131 0x0 0x0 0x0 0x0 0x6a00007 0x3 0x68 0x12e 0x6a80005 0x0 0x1aa2b040 0x12e 0x0 0x0 0x6ad0003 0x12e 0x320 0x6b50005 0x3 0x0 0x0 0x0 0x0 0x6b80007 0x3 0x38 0x0 0x6c20003 0x0 0x2b8 0x6ca0005 0x3 0x0 0x0 0x0 0x0 0x6cd0007 0x3 0x38 0x0 0x6d40003 0x0 0x250 0x6db0005 0x3 0x0 0x0 0x0 0x0 0x6de0007 0x0 0x38 0x3 0x6e50003 0x3 0x1e8 0x6ed0005 0x0 0x0 0x0 0x0 0x0 0x6f00007 0x0 0x38 0x0 0x6fa0003 0x0 0x180 0x7020005 0x0 0x0 0x0 0x0 0x0 0x7050007 0x0 0x38 0x0 0x70c0003 0x0 0x118 0x7140005 0x0 0x0 0x0 0x0 0x0 0x7170007 0x0 0x38 0x0 0x71e0003 0x0 0xb0 0x7260005 0x0 0x0 0x0 0x0 0x0 0x7290007 0x0 0x38 0x0 0x7300003 0x0 0x48 0x73f0002 0x0 0x7460007 0x0 0x20 0x0 0x75e0003 0xcfe 0xfffffffffffffaf0 0x7630007 0x1c1 0x38 0x946 0x7690003 0x946 0xe0 0x76f0005 0x0 0x1aa2b040 0x1c1 0x0 0x0 0x7820007 0x1c1 0x98 0x1c2 0x78e0005 0x0 0x1aa2b040 0x1c2 0x0 0x0 0x7910004 0x0 0x217a010 0x1c2 0x0 0x0 0x7980003 0x1c2 0xffffffffffffff80 0x7a60005 0x0 0x1aa31080 0x47e 0x1aa31130 0x689 0x7ad0007 0x47e 0x560 0x689 0x7b20004 0xfffffffffffff977 0x1aa31290 0x689 0x0 0x0 0x7b50007 0x689 0x1f8 0x0 0x7ba0004 0x0 0x0 0x0 0x0 0x0 0x7c80007 0x0 0x1a8 0x0 0x7d20007 0x0 0x188 0x0 0x7da0007 0x0 0x70 0x0 0x7e20007 0x0 0x38 0x0 0x7e60003 0x0 0x18 0x7ec0003 0x0 0xd8 0x7f70007 0x0 0xc0 0x0 0x8060007 0x0 0xa0 0x0 0x8170005 0x0 0x0 0x0 0x0 0x0 0x81a0007 0x0 0x38 0x0 0x8200003 0x0 0x30 0x8260003 0x0 0xffffffffffffff78 0x82b0007 0x0 0x38 0x0 0x83f0003 0x0 0x35f8 0x8440007 0x686 0xb0 0x3 0x8490005 0x0 0x1aa31290 0x3 0x0 0x0 0x8560002 0x3 0x85c0007 0x0 0x50 0x3 0x8610005 0x0 0x1aa31340 0x3 0x0 0x0 0x8690007 0x689 0x1a0 0xd12 0x86e0007 0x689 0x38 0x689 0x8730003 0x689 0x18 0x87c0007 0xd12 0x130 0x0 0x8820005 0x0 0x0 0x0 0x0 0x0 0x88c0007 0x0 0xe0 0x0 0x89e0005 0x0 0x0 0x0 0x0 0x0 0x8a30007 0x0 0x38 0x0 0x8a70003 0x0 0x18 0x8ab0005 0x0 0x0 0x0 0x0 0x0 0x8ae0002 0x0 0x8b60003 0x0 0xffffffffffffff38 0x8bc0003 0xd12 0xfffffffffffffe78 0x8c10007 0x689 0x30 0x0 0x8ce0002 0x0 0x8d30007 0x689 0x30 0x0 0x8e00002 0x0 0x8e50007 0x689 0x68 0x0 0x8f90005 0x0 0x0 0x0 0x0 0x0 0x9000003 0x0 0xffffffffffffffb0 0x9050007 0x47e 0x3278 0x689 0x90a0007 0x99 0x3258 0x5f0 0x9100005 0x0 0x1aa2b040 0x5f0 0x0 0x0 0x91a0005 0x0 0x1aa2b040 0x5f0 0x0 0x0 0x9240005 0x0 0x1aa2b040 0x5f0 0x0 0x0 0x9390005 0x0 0x1aa31290 0x5f0 0x0 0x0 0x94c0005 0x0 0x1aa2b040 0x5f0 0x0 0x0 0x9540007 0x5f0 0x598 0x5ed3 0x96f0008 0x26 0x0 0x560 0x141b 0x140 0x110 0x518 0x15 0x530 0x620 0x518 0x19b3 0x140 0x45f 0x530 0x17f1 0x530 0x370 0x548 0x0 0x548 0x531 0x158 0x0 0x1d0 0x48c 0x518 0xf 0x530 0x19 0x530 0xb 0x298 0x10 0x3f0 0x0 0x560 0x0 0x248 0x9c70003 0x2dce 0x420 0x9d20005 0x0 0x1aa2b040 0x531 0x0 0x0 0x9d80005 0x0 0x1aa2b040 0x531 0x0 0x0 0x9df0003 0x531 0x3a8 0x9ea0005 0x0 0x0 0x0 0x0 0x0 0x9f00005 0x0 0x0 0x0 0x0 0x0 0x9f70003 0x0 0x330 0xa0c0007 0x0 0x38 0x0 0xa120003 0x0 0x2f8 0xa180003 0x0 0x2e0 0xa2c0005 0x0 0x1aa2b040 0xb 0x0 0x0 0xa320005 0x0 0x1aa2b040 0xb 0x0 0x0 0xa3c0005 0x0 0x1aa2b040 0xb 0x0 0x0 0xa440005 0x0 0x1aa2b040 0xb 0x0 0x0 0xa510007 0xb 0x208 0x29 0xa5a0005 0x0 0x1aa2b040 0x29 0x0 0x0 0xa600005 0x0 0x1aa2b040 0x29 0x0 0x0 0xa6a0003 0x29 0xffffffffffffff80 0xa7e0005 0x0 0x1aa2b040 0x10 0x0 0x0 0xa840005 0x0 0x1aa2b040 0x10 0x0 0x0 0xa8d0005 0x0 0x1aa2b040 0x10 0x0 0x0 0xa970007 0x10 0xe0 0x41 0xaa20005 0x0 0x1aa2b040 0x41 0x0 0x0 0xaa80005 0x0 0x1aa2b040 0x41 0x0 0x0 0xab20003 0x41 0xffffffffffffff80 0xab80003 0xbbc 0x48 0xabe0003 0x1c8d 0x30 0xac40003 0x370 0x18 0xaca0003 0x5ed3 0xfffffffffffffa80 0xad00005 0x0 0x1aa2b040 0x5f0 0x0 0x0 0xada0007 0x5f0 0x250 0x121 0xae10005 0x0 0x1aa2b040 0x121 0x0 0x0 0xae60005 0x0 0x1aa2b040 0x121 0x0 0x0 0xaf10005 0x0 0x1aa2b040 0x121 0x0 0x0 0xaf60005 0x0 0x1aa2b040 0x121 0x0 0x0 0xb010005 0x0 0x1aa2b040 0x121 0x0 0x0 0xb060005 0x0 0x1aa2b040 0x121 0x0 0x0 0xb110005 0x0 0x1aa2b040 0x121 0x0 0x0 0xb180007 0x42 0x68 0xdf 0xb240005 0x0 0x1aa31290 0xdf 0x0 0x0 0xb270003 0xdf 0x78 0xb3c0005 0x0 0x1aa2b040 0x42 0x0 0x0 0xb3f0005 0x0 0x1aa31290 0x42 0x0 0x0 0xb480003 0x121 0xfffffffffffffdc8 0xb780005 0x0 0x1aa2b040 0x5f0 0x0 0x0 0xb820007 0x5f0 0x738 0x1b 0xb8a0005 0x0 0x1aa2b040 0x1b 0x0 0x0 0xb940005 0x1b 0x0 0x0 0x0 0x0 0xb970007 0xe 0x1a8 0xd 0xb9c0007 0x0 0x650 0xd 0xbac0005 0x0 0x1aa2b040 0xd 0x0 0x0 0xbba0007 0xd 0x600 0xd 0xbc00005 0x0 0x1aa2b040 0xd 0x0 0x0 0xbca0007 0xd 0x50 0x0 0xbd20005 0x0 0x0 0x0 0x0 0x0 0xbe50005 0x0 0x1aa2b040 0xd 0x0 0x0 0xbf00007 0x0 0x50 0xd 0xbf80005 0x0 0x1aa2b040 0xd 0x0 0x0 0xc0a0003 0xd 0xfffffffffffffee0 0xc120005 0xe 0x0 0x0 0x0 0x0 0xc150007 0xe 0x38 0x0 0xc1f0003 0x0 0x478 0xc270005 0xe 0x0 0x0 0x0 0x0 0xc2a0007 0x0 0x158 0xe 0xc2f0007 0x0 0x410 0xe 0xc380005 0x0 0x1aa2b040 0xe 0x0 0x0 0xc460007 0xe 0x3c0 0x25 0xc4c0005 0x0 0x1aa2b040 0x25 0x0 0x0 0xc560007 0x0 0x50 0x25 0xc5e0005 0x0 0x1aa2b040 0x25 0x0 0x0 0xc740005 0x0 0x1aa2b040 0x25 0x0 0x0 0xc800003 0x25 0xffffffffffffff30 0xc880005 0x0 0x0 0x0 0x0 0x0 0xc8b0007 0x0 0xb8 0x0 0xc910007 0x0 0x288 0x0 0xca00005 0x0 0x0 0x0 0x0 0x0 0xcab0005 0x0 0x0 0x0 0x0 0x0 0xcb00003 0x0 0x208 0xcb80005 0x0 0x0 0x0 0x0 0x0 0xcbb0007 0x0 0xb8 0x0 0xcc10007 0x0 0x1a0 0x0 0xcd00005 0x0 0x0 0x0 0x0 0x0 0xcdb0005 0x0 0x0 0x0 0x0 0x0 0xce30003 0x0 0x120 0xced0007 0x0 0x108 0x0 0xcf90005 0x0 0x0 0x0 0x0 0x0 0xcfc0007 0x0 0xa0 0x0 0xd0e0005 0x0 0x0 0x0 0x0 0x0 0xd1a0005 0x0 0x0 0x0 0x0 0x0 0xd210007 0x0 0x20 0x0 0xd320003 0x0 0xffffffffffffff10 0xd3e0005 0x0 0x1aa2b040 0x1b 0x0 0x0 0xd480003 0x1b 0xfffffffffffff8e0 0xd4d0007 0x5f0 0x810 0x0 0xd600007 0x0 0x6d8 0x0 0xd6b0007 0x0 0x118 0x0 0xd720005 0x0 0x0 0x0 0x0 0x0 0xd750007 0x0 0x68 0x0 0xd820004 0x0 0x0 0x0 0x0 0x0 0xd830003 0x0 0x78 0xd960005 0x0 0x0 0x0 0x0 0x0 0xd990004 0x0 0x0 0x0 0x0 0x0 0xda80005 0x0 0x0 0x0 0x0 0x0 0xdab0008 0x36 0x0 0x558 0x0 0x1c0 0x0 0x1c0 0x0 0x298 0x0 0x558 0x0 0x208 0x0 0x558 0x0 0x558 0x0 0x1c0 0x0 0x250 0x0 0x558 0x0 0x478 0x0 0x558 0x0 0x558 0x0 0x558 0x0 0x558 0x0 0x558 0x0 0x558 0x0 0x1c0 0x0 0x558 0x0 0x558 0x0 0x558 0x0 0x558 0x0 0x558 0x0 0x558 0x0 0x1c0 0x0 0x2e0 0xe2a0004 0x0 0x0 0x0 0x0 0x0 0xe2b0003 0x0 0xfffffffffffffde0 0xe380004 0x0 0x0 0x0 0x0 0x0 0xe390003 0x0 0xfffffffffffffd98 0xe460004 0x0 0x0 0x0 0x0 0x0 0xe470003 0x0 0xfffffffffffffd50 0xe540004 0x0 0x0 0x0 0x0 0x0 0xe550003 0x0 0xfffffffffffffd08 0xe5c0005 0x0 0x0 0x0 0x0 0x0 0xe610007 0x0 0x38 0x0 0xe670003 0x0 0xffffffffffffffb0 0xe6e0005 0x0 0x0 0x0 0x0 0x0 0xe730007 0x0 0x88 0x0 0xe7d0005 0x0 0x0 0x0 0x0 0x0 0xe820007 0x0 0x38 0x0 0xe880003 0x0 0xffffffffffffffb0 0xe9b0005 0x0 0x0 0x0 0x0 0x0 0xe9e0004 0x0 0x0 0x0 0x0 0x0 0xe9f0003 0x0 0xfffffffffffffb70 0xea60005 0x0 0x0 0x0 0x0 0x0 0xeab0007 0x0 0x38 0x0 0xeb10003 0x0 0xffffffffffffffb0 0xec60005 0x0 0x0 0x0 0x0 0x0 0xec90004 0x0 0x0 0x0 0x0 0x0 0xeca0003 0x0 0xfffffffffffffa90 0xecd0003 0x0 0x18 0xee40007 0x0 0x118 0x0 0xeee0007 0x0 0xe0 0x0 0xef60005 0x0 0x0 0x0 0x0 0x0 0xefd0007 0x0 0x90 0x0 0xf040007 0x0 0x70 0x0 0xf160007 0x0 0x50 0x0 0xf1e0005 0x0 0x0 0x0 0x0 0x0 0xf250003 0x0 0xffffffffffffff00 0xf300007 0x5ef 0x1540 0x5ae1 0xf430007 0x539a 0xc0 0x747 0xf4a0005 0x0 0x1aa31290 0x747 0x0 0x0 0xf4f0007 0x0 0x70 0x747 0xf570007 0x738 0x50 0xf 0xf630005 0x0 0x1aa31290 0xf 0x0 0x0 0xf680007 0x5ae1 0x520 0x0 0xf6f0007 0x0 0x40 0x0 0xf750007 0x0 0x4e0 0x0 0xf7a0007 0x0 0x40 0x0 0xf7f0007 0x0 0x68 0x0 0xf8d0005 0x0 0x0 0x0 0x0 0x0 0xf900003 0x0 0x68 0xf960007 0x0 0x50 0x0 0xfa50005 0x0 0x0 0x0 0x0 0x0 0xfaa0007 0x0 0x3d0 0x0 0xfaf0007 0x0 0x38 0x0 0xfc00003 0x0 0x18 0xfd20007 0x0 0x38 0x0 0xfdf0003 0x0 0x310 0xfe70007 0x0 0x48 0x0 0xffb0002 0x0 0x10060003 0x0 0x2c8 0x100c0005 0x0 0x0 0x0 0x0 0x0 0x10190007 0x0 0x48 0x0 0x10260002 0x0 0x10310003 0x0 0x250 0x10390007 0x0 0x58 0x0 0x10410007 0x0 0x38 0x0 0x10590003 0x0 0x1f8 0x10610007 0x0 0x38 0x0 0x106a0003 0x0 0x1c0 0x10720007 0x0 0xb8 0x0 0x10770007 0x0 0x38 0x0 0x107c0003 0x0 0x18 0x108c0007 0x0 0x48 0x0 0x109d0002 0x0 0x10a50003 0x0 0xffffffffffffffd0 0x10bd0003 0x0 0x108 0x10c60005 0x0 0x0 0x0 0x0 0x0 0x10d90007 0x0 0x48 0x0 0x10ea0002 0x0 0x10f20003 0x0 0xffffffffffffffd0 0x10f80005 0x0 0x0 0x0 0x0 0x0 0x11080007 0x0 0x48 0x0 0x11190002 0x0 0x11210003 0x0 0xffffffffffffffd0 0x11320005 0x0 0x0 0x0 0x0 0x0 0x11390003 0x0 0xfffffffffffffb10 0x113f0003 0x0 0xfffffffffffffaf8 0x11530008 0x26 0x0 0xec8 0x11e2 0x140 0x5a 0x790 0x15 0x7d8 0x620 0x748 0x19b3 0x188 0x45f 0xe08 0x17da 0x970 0x370 0x970 0x0 0xb48 0x531 0x238 0x0 0x2b0 0x3a1 0x850 0xf 0x8c8 0x19 0xe80 0xb 0x468 0x10 0x5d8 0x0 0xec8 0x0 0x328 0x11ac0005 0x0 0x1aa31290 0x11e2 0x0 0x0 0x11b20003 0x11e2 0xdb8 0x11b90007 0x17c0 0x68 0x1f3 0x11cc0005 0x0 0x1aa31290 0x1f3 0x0 0x0 0x11cf0003 0x1f3 0x48 0x11e20005 0x0 0x1aa31290 0x17c0 0x0 0x0 0x11e80003 0x19b3 0xd08 0x11f80005 0x0 0x1aa2b040 0x531 0x0 0x0 0x11fd0005 0x0 0x1aa31290 0x531 0x0 0x0 0x12030003 0x531 0xc90 0x12160005 0x0 0x0 0x0 0x0 0x0 0x121b0005 0x0 0x0 0x0 0x0 0x0 0x12210003 0x0 0xc18 0x12360007 0x0 0xc8 0x0 0x12400005 0x0 0x0 0x0 0x0 0x0 0x12480005 0x0 0x0 0x0 0x0 0x0 0x124b0005 0x0 0x0 0x0 0x0 0x0 0x12510003 0x0 0xb50 0x125d0005 0x0 0x0 0x0 0x0 0x0 0x12600005 0x0 0x0 0x0 0x0 0x0 0x12660003 0x0 0xad8 0x12790005 0x0 0x1aa2b040 0xb 0x0 0x0 0x12840005 0x0 0x1aa2b040 0xb 0x0 0x0 0x128f0005 0x0 0x1aa2b040 0xb 0x0 0x0 0x12ab0007 0xb 0x98 0x29 0x12b90005 0x0 0x1aa2b040 0x29 0x0 0x0 0x12be0004 0x0 0x1aa313f0 0x29 0x0 0x0 0x12c50003 0x29 0xffffffffffffff80 0x12d50005 0x0 0x1aa31290 0xb 0x0 0x0 0x12d80003 0xb 0x968 0x12eb0005 0x0 0x1aa2b040 0x10 0x0 0x0 0x12f60005 0x0 0x1aa2b040 0x10 0x0 0x0 0x13130007 0x10 0xc8 0x41 0x131d0005 0x0 0x1aa2b040 0x41 0x0 0x0 0x132e0005 0x0 0x1aa2b040 0x41 0x0 0x0 0x13330004 0x0 0x1aa313f0 0x41 0x0 0x0 0x133a0003 0x41 0xffffffffffffff50 0x13480005 0x0 0x1aa31290 0x10 0x0 0x0 0x134b0003 0x10 0x7f8 0x135d0005 0x0 0x1aa31290 0x620 0x0 0x0 0x13630003 0x620 0x7b0 0x13710005 0x0 0x1aa31290 0x5a 0x0 0x0 0x13770003 0x5a 0x768 0x13830005 0x0 0x1aa2b040 0x15 0x0 0x0 0x13860005 0x0 0x1aa31290 0x15 0x0 0x0 0x138c0003 0x15 0x6f0 0x139f0005 0x0 0x1aa2b040 0x3a1 0x0 0x0 0x13a20005 0x0 0x1aa31290 0x3a1 0x0 0x0 0x13a80003 0x3a1 0x678 0x13b30005 0x0 0x1aa2b040 0xf 0x0 0x0 0x13b80005 0x0 0x1aa2b040 0xf 0x0 0x0 0x13bb0005 0x0 0x1aa31290 0xf 0x0 0x0 0x13c10003 0xf 0x5d0 0x13cd0005 0x0 0x1aa2b040 0x1b4a 0x0 0x0 0x13d80005 0x0 0x1aa2b040 0x1b4a 0x0 0x0 0x13e60005 0x0 0x1aa2b040 0x1b4a 0x0 0x0 0x13f10005 0x0 0x1aa2b040 0x1b4a 0x0 0x0 0x13fd0005 0x0 0x1aa2b040 0x1b4a 0x0 0x0 0x14070007 0x13ef 0x68 0x75b 0x14140005 0x0 0x1aa31290 0x75b 0x0 0x0 0x14170003 0x75b 0x48 0x14240005 0x0 0x1aa31290 0x13ef 0x0 0x0 0x142c0007 0x17da 0x38 0x370 0x14320003 0x370 0x410 0x14380003 0x17da 0x3f8 0x14440005 0x0 0x0 0x0 0x0 0x0 0x144f0005 0x0 0x0 0x0 0x0 0x0 0x145e0005 0x0 0x0 0x0 0x0 0x0 0x14690005 0x0 0x0 0x0 0x0 0x0 0x14750005 0x0 0x0 0x0 0x0 0x0 0x147d0005 0x0 0x0 0x0 0x0 0x0 0x14870005 0x0 0x0 0x0 0x0 0x0 0x148a0004 0x0 0x0 0x0 0x0 0x0 0x14940005 0x0 0x0 0x0 0x0 0x0 0x14aa0007 0x0 0xc8 0x0 0x14b00005 0x0 0x0 0x0 0x0 0x0 0x14be0005 0x0 0x0 0x0 0x0 0x0 0x14c10004 0x0 0x0 0x0 0x0 0x0 0x14c80003 0x0 0xffffffffffffff50 0x14d50005 0x0 0x0 0x0 0x0 0x0 0x14db0003 0x0 0x138 0x14e90005 0x0 0x1aa2b040 0x45f 0x0 0x0 0x14ec0005 0x0 0x1aa31290 0x45f 0x0 0x0 0x14f20003 0x45f 0xc0 0x15090005 0x0 0x1aa31290 0x19 0x0 0x0 0x150f0003 0x19 0x78 0x151b0005 0x0 0x0 0x0 0x0 0x0 0x15290005 0x0 0x0 0x0 0x0 0x0 0x152f0003 0x5ae3 0xffffffffffffead8 0x153e0007 0x5e2 0x50 0xd 0x15450005 0x0 0x1aa31290 0xd 0x0 0x0 0x154a0007 0x0 0x390 0x5ef 0x154f0007 0x5e2 0x370 0xd 0x15570007 0xd 0xe8 0x0 0x155d0005 0x0 0x0 0x0 0x0 0x0 0x15720007 0x0 0x98 0x0 0x158f0005 0x0 0x0 0x0 0x0 0x0 0x159d0005 0x0 0x0 0x0 0x0 0x0 0x15a40003 0x0 0xffffffffffffff80 0x15aa0005 0x0 0x1aa2b040 0xd 0x0 0x0 0x15b70007 0xd 0x238 0xd 0x15bd0005 0x0 0x1aa2b040 0xd 0x0 0x0 0x15c70005 0x0 0x1aa2b040 0xd 0x0 0x0 0x15d20005 0x0 0x1aa2b040 0xd 0x0 0x0 0x15dc0007 0xd 0xe0 0x0 0x15e70007 0x0 0xc0 0x0 0x15f10007 0x0 0x88 0x0 0x15fd0007 0x0 0x68 0x0 0x160a0005 0x0 0x0 0x0 0x0 0x0 0x160f0003 0x0 0x30 0x16150003 0x0 0xffffffffffffff58 0x16210005 0x0 0x1aa2b040 0xd 0x0 0x0 0x162c0005 0x0 0x1aa2b040 0xd 0x0 0x0 0x16400005 0x0 0x1aa31290 0xd 0x0 0x0 0x16490003 0xd 0xfffffffffffffde0 0x164e0007 0x5ef 0x68 0x0 0x16620005 0x0 0x0 0x0 0x0 0x0 0x16690003 0x0 0xffffffffffffffb0 0x16720005 0x0 0x1aa31290 0x5ef 0x0 0x0 0x16770007 0x47e 0x50 0x688 0x167c0005 0x0 0x1aa31290 0x688 0x0 0x0 0x16820003 0xb06 0xffffffffffffc0a0 0x16860005 0x0 0x1aa31080 0x100 0x1aa31130 0x163 oops 159 2 org/objectweb/asm/ClassReader 8 org/objectweb/asm/ClassReader 14 org/objectweb/asm/ClassReader 27 org/objectweb/asm/ClassReader 33 org/objectweb/asm/ClassReader 43 org/objectweb/asm/ClassReader 49 java/lang/String 79 org/objectweb/asm/ClassReader 89 org/objectweb/asm/ClassReader 99 org/objectweb/asm/ClassReader 111 org/objectweb/asm/ClassReader 121 org/objectweb/asm/ClassReader 131 org/objectweb/asm/ClassReader 143 org/objectweb/asm/ClassReader 153 org/objectweb/asm/ClassReader 169 org/objectweb/asm/ClassReader 201 org/objectweb/asm/ClassReader 207 org/objectweb/asm/ClassReader 217 org/objectweb/asm/ClassReader 223 org/objectweb/asm/ClassReader 242 org/objectweb/asm/ClassReader 368 org/objectweb/asm/ClassReader 377 org/objectweb/asm/ClassReader 383 com/android/tools/lint/client/api/LintDriver$SuperclassVisitor 385 org/objectweb/asm/tree/ClassNode 401 org/objectweb/asm/tree/ClassNode 411 com/android/tools/lint/client/api/LintDriver$SuperclassVisitor 432 org/objectweb/asm/ClassReader 442 org/objectweb/asm/ClassReader 455 org/objectweb/asm/tree/ClassNode 486 org/objectweb/asm/ClassReader 496 org/objectweb/asm/ClassReader 509 org/objectweb/asm/ClassReader 515 org/objectweb/asm/ClassReader 528 org/objectweb/asm/ClassReader 534 org/objectweb/asm/ClassReader 547 org/objectweb/asm/ClassReader 553 org/objectweb/asm/ClassReader 559 com/android/tools/lint/client/api/LintDriver$SuperclassVisitor 561 org/objectweb/asm/tree/ClassNode 568 org/objectweb/asm/ClassReader 578 org/objectweb/asm/ClassReader 584 org/objectweb/asm/ClassReader 590 org/objectweb/asm/ClassReader 596 org/objectweb/asm/ClassReader 606 org/objectweb/asm/ClassReader 622 org/objectweb/asm/ClassReader 641 org/objectweb/asm/ClassReader 714 org/objectweb/asm/ClassReader 730 org/objectweb/asm/ClassReader 736 com/android/tools/lint/client/api/LintDriver$SuperclassVisitor 738 org/objectweb/asm/tree/ClassNode 811 org/objectweb/asm/tree/FieldNode 820 org/objectweb/asm/ClassReader 830 org/objectweb/asm/ClassReader 836 org/objectweb/asm/ClassReader 842 org/objectweb/asm/ClassReader 848 org/objectweb/asm/ClassReader 858 org/objectweb/asm/ClassReader 864 org/objectweb/asm/ClassReader 910 org/objectweb/asm/ClassReader 1026 org/objectweb/asm/ClassReader 1036 org/objectweb/asm/ClassReader 1042 java/lang/String 1051 com/android/tools/lint/client/api/LintDriver$SuperclassVisitor 1053 org/objectweb/asm/tree/ClassNode 1061 org/objectweb/asm/tree/MethodNode 1134 org/objectweb/asm/tree/MethodNode 1146 org/objectweb/asm/tree/AnnotationNode